build/app/intermediates/manifest_merge_blame_file/release/manifest-merger-blame-release-report.txt
1<?xml version="1.0" encoding="utf-8"?>
2<manifest xmlns:android="http://schemas.android.com/apk/res/android"
3    package="com.connectsol.electronics"
4    android:versionCode="2"
5    android:versionName="1.0.0" >
6
7    <uses-sdk
8        android:minSdkVersion="20"
8-->src/main/AndroidManifest.xml
9        android:targetSdkVersion="31" />
9-->src/main/AndroidManifest.xml
10
11    <uses-permission android:name="android.permission.ACCESS_COARSE_LOCATION" />
11-->src/main/AndroidManifest.xml:3:5-80
11-->src/main/AndroidManifest.xml:3:22-78
12    <uses-permission android:name="android.permission.ACCESS_FINE_LOCATION" />
12-->src/main/AndroidManifest.xml:4:5-78
12-->src/main/AndroidManifest.xml:4:22-76
13    <uses-permission android:name="android.permission.INTERNET" />
13-->src/main/AndroidManifest.xml:5:5-66
13-->src/main/AndroidManifest.xml:5:22-64
14    <uses-permission android:name="android.permission.READ_EXTERNAL_STORAGE" />
14-->src/main/AndroidManifest.xml:6:5-80
14-->src/main/AndroidManifest.xml:6:22-77
15    <uses-permission
15-->src/main/AndroidManifest.xml:7:5-8:38
16        android:name="android.permission.WRITE_EXTERNAL_STORAGE"
16-->src/main/AndroidManifest.xml:7:22-78
17        android:maxSdkVersion="28" />
17-->src/main/AndroidManifest.xml:8:9-35
18
19    <queries>
19-->src/main/AndroidManifest.xml:10:5-31:15
20
21        <!-- If your app opens https URLs -->
22        <intent>
22-->src/main/AndroidManifest.xml:12:9-15:18
23            <action android:name="android.intent.action.VIEW" />
23-->src/main/AndroidManifest.xml:13:13-65
23-->src/main/AndroidManifest.xml:13:21-62
24
25            <data android:scheme="https" />
25-->src/main/AndroidManifest.xml:14:13-44
25-->src/main/AndroidManifest.xml:14:19-41
26        </intent>
27        <!-- If your app makes calls -->
28        <intent>
28-->src/main/AndroidManifest.xml:17:9-20:18
29            <action android:name="android.intent.action.DIAL" />
29-->src/main/AndroidManifest.xml:18:13-65
29-->src/main/AndroidManifest.xml:18:21-62
30
31            <data android:scheme="tel" />
31-->src/main/AndroidManifest.xml:14:13-44
31-->src/main/AndroidManifest.xml:14:19-41
32        </intent>
33        <!-- If your sends SMS messages -->
34        <intent>
34-->src/main/AndroidManifest.xml:22:9-25:18
35            <action android:name="android.intent.action.SENDTO" />
35-->src/main/AndroidManifest.xml:23:13-67
35-->src/main/AndroidManifest.xml:23:21-64
36
37            <data android:scheme="smsto" />
37-->src/main/AndroidManifest.xml:14:13-44
37-->src/main/AndroidManifest.xml:14:19-41
38        </intent>
39        <!-- If your app sends emails -->
40        <intent>
40-->src/main/AndroidManifest.xml:27:9-30:18
41            <action android:name="android.intent.action.SEND" />
41-->src/main/AndroidManifest.xml:28:13-65
41-->src/main/AndroidManifest.xml:28:21-62
42
43            <data android:mimeType="*/*" />
43-->src/main/AndroidManifest.xml:14:13-44
43-->src/main/AndroidManifest.xml:29:19-41
44        </intent>
45        <intent>
45-->[:file_picker] AndroidManifest.xml:10:9-14:18
46            <action android:name="android.intent.action.GET_CONTENT" />
46-->[:file_picker] AndroidManifest.xml:11:13-72
46-->[:file_picker] AndroidManifest.xml:11:21-69
47
48            <data android:mimeType="*/*" />
48-->src/main/AndroidManifest.xml:14:13-44
48-->src/main/AndroidManifest.xml:29:19-41
49        </intent>
50    </queries>
51
52    <uses-permission android:name="android.permission.ACCESS_NETWORK_STATE" />
52-->[com.google.firebase:firebase-auth:21.0.1] AndroidManifest.xml:24:5-79
52-->[com.google.firebase:firebase-auth:21.0.1] AndroidManifest.xml:24:22-76
53    <uses-permission android:name="android.permission.ACCESS_WIFI_STATE" />
53-->[com.google.android.libraries.places:places:2.4.0] AndroidManifest.xml:10:5-76
53-->[com.google.android.libraries.places:places:2.4.0] AndroidManifest.xml:10:22-73
54
55    <uses-feature
55-->[com.google.android.gms:play-services-maps:17.0.0] AndroidManifest.xml:26:5-28:35
56        android:glEsVersion="0x00020000"
56-->[com.google.android.gms:play-services-maps:17.0.0] AndroidManifest.xml:27:9-41
57        android:required="true" />
57-->[com.google.android.gms:play-services-maps:17.0.0] AndroidManifest.xml:28:9-32
58
59    <application
59-->src/main/AndroidManifest.xml:33:5-75:19
60        android:name="androidx.multidex.MultiDexApplication"
61        android:appComponentFactory="androidx.core.app.CoreComponentFactory"
61-->[androidx.core:core:1.6.0] AndroidManifest.xml:24:18-86
62        android:icon="@mipmap/launcher_icon"
62-->src/main/AndroidManifest.xml:36:9-45
63        android:label="Electronics"
63-->src/main/AndroidManifest.xml:34:9-36
64        android:requestLegacyExternalStorage="true" >
64-->src/main/AndroidManifest.xml:35:9-52
65        <meta-data
65-->src/main/AndroidManifest.xml:38:8-39:69
66            android:name="com.google.android.geo.API_KEY"
66-->src/main/AndroidManifest.xml:38:19-64
67            android:value="AIzaSyDnN0CXbNpwghnn0-I37oNUAf3wgWa2N_Q" />
67-->src/main/AndroidManifest.xml:39:12-67
68
69        <activity
69-->src/main/AndroidManifest.xml:40:9-69:20
70            android:name="com.connectsol.electronics.MainActivity"
70-->src/main/AndroidManifest.xml:41:13-41
71            android:configChanges="orientation|keyboardHidden|keyboard|screenSize|smallestScreenSize|locale|layoutDirection|fontScale|screenLayout|density|uiMode"
71-->src/main/AndroidManifest.xml:44:13-163
72            android:exported="true"
72-->src/main/AndroidManifest.xml:46:13-36
73            android:hardwareAccelerated="true"
73-->src/main/AndroidManifest.xml:45:13-47
74            android:launchMode="singleTop"
74-->src/main/AndroidManifest.xml:42:13-43
75            android:theme="@style/LaunchTheme"
75-->src/main/AndroidManifest.xml:43:13-47
76            android:windowSoftInputMode="adjustResize" >
76-->src/main/AndroidManifest.xml:47:13-55
77
78            <!--
79                 Specifies an Android theme to apply to this Activity as soon as
80                 the Android process has started. This theme is visible to the user
81                 while the Flutter UI initializes. After that, this theme continues
82                 to determine the Window background behind the Flutter UI.
83            -->
84            <meta-data
84-->src/main/AndroidManifest.xml:52:13-55:17
85                android:name="io.flutter.embedding.android.NormalTheme"
85-->src/main/AndroidManifest.xml:53:15-70
86                android:resource="@style/NormalTheme" />
86-->src/main/AndroidManifest.xml:54:15-52
87            <!--
88                 Displays an Android View that continues showing the launch screen
89                 Drawable until Flutter paints its first frame, then this splash
90                 screen fades out. A splash screen is useful to avoid any visual
91                 gap between the end of Android's launch screen and the painting of
92                 Flutter's first frame.
93            -->
94            <meta-data
94-->src/main/AndroidManifest.xml:61:13-64:17
95                android:name="io.flutter.embedding.android.SplashScreenDrawable"
95-->src/main/AndroidManifest.xml:62:15-79
96                android:resource="@drawable/launch_background" />
96-->src/main/AndroidManifest.xml:63:15-61
97
98            <intent-filter>
98-->src/main/AndroidManifest.xml:65:13-68:29
99                <action android:name="android.intent.action.MAIN" />
99-->src/main/AndroidManifest.xml:66:17-68
99-->src/main/AndroidManifest.xml:66:25-66
100
101                <category android:name="android.intent.category.LAUNCHER" />
101-->src/main/AndroidManifest.xml:67:17-76
101-->src/main/AndroidManifest.xml:67:27-74
102            </intent-filter>
103        </activity>
104        <!--
105             Don't delete the meta-data below.
106             This is used by the Flutter tool to generate GeneratedPluginRegistrant.java
107        -->
108        <meta-data
108-->src/main/AndroidManifest.xml:72:9-74:33
109            android:name="flutterEmbedding"
109-->src/main/AndroidManifest.xml:73:13-44
110            android:value="2" />
110-->src/main/AndroidManifest.xml:74:13-30
111
112        <service
112-->[:firebase_database] AndroidManifest.xml:8:9-12:19
113            android:name="com.google.firebase.components.ComponentDiscoveryService"
113-->[:firebase_database] AndroidManifest.xml:8:18-89
114            android:directBootAware="true"
114-->[com.google.firebase:firebase-common:20.0.0] AndroidManifest.xml:35:13-43
115            android:exported="false" >
115-->[com.google.firebase:firebase-auth:21.0.1] AndroidManifest.xml:76:13-37
116            <meta-data
116-->[:firebase_database] AndroidManifest.xml:9:13-11:85
117                android:name="com.google.firebase.components:io.flutter.plugins.firebase.database.FlutterFirebaseAppRegistrar"
117-->[:firebase_database] AndroidManifest.xml:10:17-127
118                android:value="com.google.firebase.components.ComponentRegistrar" />
118-->[:firebase_database] AndroidManifest.xml:11:17-82
119            <meta-data
119-->[:firebase_auth] AndroidManifest.xml:9:13-11:85
120                android:name="com.google.firebase.components:io.flutter.plugins.firebase.auth.FlutterFirebaseAuthRegistrar"
120-->[:firebase_auth] AndroidManifest.xml:10:17-124
121                android:value="com.google.firebase.components.ComponentRegistrar" />
121-->[:firebase_auth] AndroidManifest.xml:11:17-82
122            <meta-data
122-->[:firebase_storage] AndroidManifest.xml:9:13-11:85
123                android:name="com.google.firebase.components:io.flutter.plugins.firebase.storage.FlutterFirebaseAppRegistrar"
123-->[:firebase_storage] AndroidManifest.xml:10:17-126
124                android:value="com.google.firebase.components.ComponentRegistrar" />
124-->[:firebase_storage] AndroidManifest.xml:11:17-82
125            <meta-data
125-->[:firebase_core] AndroidManifest.xml:9:13-11:85
126                android:name="com.google.firebase.components:io.flutter.plugins.firebase.core.FlutterFirebaseCoreRegistrar"
126-->[:firebase_core] AndroidManifest.xml:10:17-124
127                android:value="com.google.firebase.components.ComponentRegistrar" />
127-->[:firebase_core] AndroidManifest.xml:11:17-82
128            <meta-data
128-->[com.google.firebase:firebase-auth:21.0.1] AndroidManifest.xml:77:13-79:85
129                android:name="com.google.firebase.components:com.google.firebase.auth.FirebaseAuthRegistrar"
129-->[com.google.firebase:firebase-auth:21.0.1] AndroidManifest.xml:78:17-109
130                android:value="com.google.firebase.components.ComponentRegistrar" />
130-->[com.google.firebase:firebase-auth:21.0.1] AndroidManifest.xml:79:17-82
131            <meta-data
131-->[com.google.firebase:firebase-storage:20.0.0] AndroidManifest.xml:33:13-35:85
132                android:name="com.google.firebase.components:com.google.firebase.storage.StorageRegistrar"
132-->[com.google.firebase:firebase-storage:20.0.0] AndroidManifest.xml:34:17-107
133                android:value="com.google.firebase.components.ComponentRegistrar" />
133-->[com.google.firebase:firebase-storage:20.0.0] AndroidManifest.xml:35:17-82
134            <meta-data
134-->[com.google.firebase:firebase-database:20.0.3] AndroidManifest.xml:32:13-34:85
135                android:name="com.google.firebase.components:com.google.firebase.database.DatabaseRegistrar"
135-->[com.google.firebase:firebase-database:20.0.3] AndroidManifest.xml:33:17-109
136                android:value="com.google.firebase.components.ComponentRegistrar" />
136-->[com.google.firebase:firebase-database:20.0.3] AndroidManifest.xml:34:17-82
137        </service>
138
139        <provider
139-->[:image_picker] AndroidManifest.xml:8:9-16:20
140            android:name="io.flutter.plugins.imagepicker.ImagePickerFileProvider"
140-->[:image_picker] AndroidManifest.xml:9:13-82
141            android:authorities="com.connectsol.electronics.flutter.image_provider"
141-->[:image_picker] AndroidManifest.xml:10:13-74
142            android:exported="false"
142-->[:image_picker] AndroidManifest.xml:11:13-37
143            android:grantUriPermissions="true" >
143-->[:image_picker] AndroidManifest.xml:12:13-47
144            <meta-data
144-->[:image_picker] AndroidManifest.xml:13:13-15:75
145                android:name="android.support.FILE_PROVIDER_PATHS"
145-->[:image_picker] AndroidManifest.xml:14:17-67
146                android:resource="@xml/flutter_image_picker_file_paths" />
146-->[:image_picker] AndroidManifest.xml:15:17-72
147        </provider>
148
149        <activity
149-->[:url_launcher_android] AndroidManifest.xml:8:9-11:74
150            android:name="io.flutter.plugins.urllauncher.WebViewActivity"
150-->[:url_launcher_android] AndroidManifest.xml:9:13-74
151            android:exported="false"
151-->[:url_launcher_android] AndroidManifest.xml:10:13-37
152            android:theme="@android:style/Theme.NoTitleBar.Fullscreen" />
152-->[:url_launcher_android] AndroidManifest.xml:11:13-71
153
154        <provider
154-->[:printing] AndroidManifest.xml:8:9-16:20
155            android:name="net.nfet.flutter.printing.PrintFileProvider"
155-->[:printing] AndroidManifest.xml:9:13-71
156            android:authorities="com.connectsol.electronics.flutter.printing"
156-->[:printing] AndroidManifest.xml:10:13-68
157            android:exported="false"
157-->[:printing] AndroidManifest.xml:11:13-37
158            android:grantUriPermissions="true" >
158-->[:printing] AndroidManifest.xml:12:13-47
159            <meta-data
159-->[:image_picker] AndroidManifest.xml:13:13-15:75
160                android:name="android.support.FILE_PROVIDER_PATHS"
160-->[:image_picker] AndroidManifest.xml:14:17-67
161                android:resource="@xml/flutter_printing_file_paths" />
161-->[:image_picker] AndroidManifest.xml:15:17-72
162        </provider>
163
164        <uses-library
164-->[androidx.window:window:1.0.0-beta04] AndroidManifest.xml:25:9-27:40
165            android:name="androidx.window.extensions"
165-->[androidx.window:window:1.0.0-beta04] AndroidManifest.xml:26:13-54
166            android:required="false" />
166-->[androidx.window:window:1.0.0-beta04] AndroidManifest.xml:27:13-37
167        <uses-library
167-->[androidx.window:window:1.0.0-beta04] AndroidManifest.xml:28:9-30:40
168            android:name="androidx.window.sidecar"
168-->[androidx.window:window:1.0.0-beta04] AndroidManifest.xml:29:13-51
169            android:required="false" />
169-->[androidx.window:window:1.0.0-beta04] AndroidManifest.xml:30:13-37
170
171        <activity
171-->[com.google.firebase:firebase-auth:21.0.1] AndroidManifest.xml:27:9-44:20
172            android:name="com.google.firebase.auth.internal.GenericIdpActivity"
172-->[com.google.firebase:firebase-auth:21.0.1] AndroidManifest.xml:28:13-80
173            android:excludeFromRecents="true"
173-->[com.google.firebase:firebase-auth:21.0.1] AndroidManifest.xml:29:13-46
174            android:exported="true"
174-->[com.google.firebase:firebase-auth:21.0.1] AndroidManifest.xml:30:13-36
175            android:launchMode="singleTask"
175-->[com.google.firebase:firebase-auth:21.0.1] AndroidManifest.xml:31:13-44
176            android:theme="@android:style/Theme.Translucent.NoTitleBar" >
176-->[com.google.firebase:firebase-auth:21.0.1] AndroidManifest.xml:32:13-72
177            <intent-filter>
177-->[com.google.firebase:firebase-auth:21.0.1] AndroidManifest.xml:33:13-43:29
178                <action android:name="android.intent.action.VIEW" />
178-->src/main/AndroidManifest.xml:13:13-65
178-->src/main/AndroidManifest.xml:13:21-62
179
180                <category android:name="android.intent.category.DEFAULT" />
180-->[com.google.firebase:firebase-auth:21.0.1] AndroidManifest.xml:36:17-76
180-->[com.google.firebase:firebase-auth:21.0.1] AndroidManifest.xml:36:27-73
181                <category android:name="android.intent.category.BROWSABLE" />
181-->[com.google.firebase:firebase-auth:21.0.1] AndroidManifest.xml:37:17-78
181-->[com.google.firebase:firebase-auth:21.0.1] AndroidManifest.xml:37:27-75
182
183                <data
183-->src/main/AndroidManifest.xml:14:13-44
184                    android:host="firebase.auth"
185                    android:path="/"
186                    android:scheme="genericidp" />
186-->src/main/AndroidManifest.xml:14:19-41
187            </intent-filter>
188        </activity>
189        <activity
189-->[com.google.firebase:firebase-auth:21.0.1] AndroidManifest.xml:45:9-62:20
190            android:name="com.google.firebase.auth.internal.RecaptchaActivity"
190-->[com.google.firebase:firebase-auth:21.0.1] AndroidManifest.xml:46:13-79
191            android:excludeFromRecents="true"
191-->[com.google.firebase:firebase-auth:21.0.1] AndroidManifest.xml:47:13-46
192            android:exported="true"
192-->[com.google.firebase:firebase-auth:21.0.1] AndroidManifest.xml:48:13-36
193            android:launchMode="singleTask"
193-->[com.google.firebase:firebase-auth:21.0.1] AndroidManifest.xml:49:13-44
194            android:theme="@android:style/Theme.Translucent.NoTitleBar" >
194-->[com.google.firebase:firebase-auth:21.0.1] AndroidManifest.xml:50:13-72
195            <intent-filter>
195-->[com.google.firebase:firebase-auth:21.0.1] AndroidManifest.xml:51:13-61:29
196                <action android:name="android.intent.action.VIEW" />
196-->src/main/AndroidManifest.xml:13:13-65
196-->src/main/AndroidManifest.xml:13:21-62
197
198                <category android:name="android.intent.category.DEFAULT" />
198-->[com.google.firebase:firebase-auth:21.0.1] AndroidManifest.xml:36:17-76
198-->[com.google.firebase:firebase-auth:21.0.1] AndroidManifest.xml:36:27-73
199                <category android:name="android.intent.category.BROWSABLE" />
199-->[com.google.firebase:firebase-auth:21.0.1] AndroidManifest.xml:37:17-78
199-->[com.google.firebase:firebase-auth:21.0.1] AndroidManifest.xml:37:27-75
200
201                <data
201-->src/main/AndroidManifest.xml:14:13-44
202                    android:host="firebase.auth"
203                    android:path="/"
204                    android:scheme="recaptcha" />
204-->src/main/AndroidManifest.xml:14:19-41
205            </intent-filter>
206        </activity>
207
208        <service
208-->[com.google.firebase:firebase-auth:21.0.1] AndroidManifest.xml:64:9-73:19
209            android:name="com.google.firebase.auth.api.fallback.service.FirebaseAuthFallbackService"
209-->[com.google.firebase:firebase-auth:21.0.1] AndroidManifest.xml:65:13-101
210            android:enabled="true"
210-->[com.google.firebase:firebase-auth:21.0.1] AndroidManifest.xml:66:13-35
211            android:exported="false" >
211-->[com.google.firebase:firebase-auth:21.0.1] AndroidManifest.xml:67:13-37
212            <intent-filter>
212-->[com.google.firebase:firebase-auth:21.0.1] AndroidManifest.xml:68:13-72:29
213                <action android:name="com.google.firebase.auth.api.gms.service.START" />
213-->[com.google.firebase:firebase-auth:21.0.1] AndroidManifest.xml:69:17-89
213-->[com.google.firebase:firebase-auth:21.0.1] AndroidManifest.xml:69:25-86
214
215                <category android:name="android.intent.category.DEFAULT" />
215-->[com.google.firebase:firebase-auth:21.0.1] AndroidManifest.xml:36:17-76
215-->[com.google.firebase:firebase-auth:21.0.1] AndroidManifest.xml:36:27-73
216            </intent-filter>
217        </service>
218
219        <provider
219-->[com.google.firebase:firebase-common:20.0.0] AndroidManifest.xml:26:9-31:39
220            android:name="com.google.firebase.provider.FirebaseInitProvider"
220-->[com.google.firebase:firebase-common:20.0.0] AndroidManifest.xml:27:13-77
221            android:authorities="com.connectsol.electronics.firebaseinitprovider"
221-->[com.google.firebase:firebase-common:20.0.0] AndroidManifest.xml:28:13-72
222            android:directBootAware="true"
222-->[com.google.firebase:firebase-common:20.0.0] AndroidManifest.xml:29:13-43
223            android:exported="false"
223-->[com.google.firebase:firebase-common:20.0.0] AndroidManifest.xml:30:13-37
224            android:initOrder="100" />
224-->[com.google.firebase:firebase-common:20.0.0] AndroidManifest.xml:31:13-36
225
226        <activity
226-->[com.google.android.libraries.places:places:2.4.0] AndroidManifest.xml:14:9-20:20
227            android:name="com.google.android.libraries.places.widget.AutocompleteActivity"
227-->[com.google.android.libraries.places:places:2.4.0] AndroidManifest.xml:15:13-91
228            android:exported="false"
228-->[com.google.android.libraries.places:places:2.4.0] AndroidManifest.xml:16:13-37
229            android:label="@string/places_autocomplete_label"
229-->[com.google.android.libraries.places:places:2.4.0] AndroidManifest.xml:17:13-62
230            android:theme="@style/PlacesAutocompleteOverlay"
230-->[com.google.android.libraries.places:places:2.4.0] AndroidManifest.xml:18:13-61
231            android:windowSoftInputMode="adjustResize" >
231-->[com.google.android.libraries.places:places:2.4.0] AndroidManifest.xml:19:13-55
232        </activity> <!-- Needs to be explicitly declared on P+ -->
233        <uses-library
233-->[com.google.android.gms:play-services-maps:17.0.0] AndroidManifest.xml:33:9-35:40
234            android:name="org.apache.http.legacy"
234-->[com.google.android.gms:play-services-maps:17.0.0] AndroidManifest.xml:34:13-50
235            android:required="false" />
235-->[com.google.android.gms:play-services-maps:17.0.0] AndroidManifest.xml:35:13-37
236
237        <activity
237-->[com.google.android.gms:play-services-base:17.2.1] AndroidManifest.xml:23:9-26:75
238            android:name="com.google.android.gms.common.api.GoogleApiActivity"
238-->[com.google.android.gms:play-services-base:17.2.1] AndroidManifest.xml:24:13-79
239            android:exported="false"
239-->[com.google.android.gms:play-services-base:17.2.1] AndroidManifest.xml:25:13-37
240            android:theme="@android:style/Theme.Translucent.NoTitleBar" />
240-->[com.google.android.gms:play-services-base:17.2.1] AndroidManifest.xml:26:13-72
241
242        <meta-data
242-->[com.google.android.gms:play-services-basement:17.2.1] AndroidManifest.xml:23:9-25:69
243            android:name="com.google.android.gms.version"
243-->[com.google.android.gms:play-services-basement:17.2.1] AndroidManifest.xml:24:13-58
244            android:value="@integer/google_play_services_version" />
244-->[com.google.android.gms:play-services-basement:17.2.1] AndroidManifest.xml:25:13-66
245
246        <provider
246-->[androidx.lifecycle:lifecycle-process:2.1.0] AndroidManifest.xml:23:9-27:43
247            android:name="androidx.lifecycle.ProcessLifecycleOwnerInitializer"
247-->[androidx.lifecycle:lifecycle-process:2.1.0] AndroidManifest.xml:24:13-79
248            android:authorities="com.connectsol.electronics.lifecycle-process"
248-->[androidx.lifecycle:lifecycle-process:2.1.0] AndroidManifest.xml:25:13-69
249            android:exported="false"
249-->[androidx.lifecycle:lifecycle-process:2.1.0] AndroidManifest.xml:26:13-37
250            android:multiprocess="true" />
250-->[androidx.lifecycle:lifecycle-process:2.1.0] AndroidManifest.xml:27:13-40
251
252        <service
252-->[com.google.android.datatransport:transport-backend-cct:2.3.0] AndroidManifest.xml:29:9-35:19
253            android:name="com.google.android.datatransport.runtime.backends.TransportBackendDiscovery"
253-->[com.google.android.datatransport:transport-backend-cct:2.3.0] AndroidManifest.xml:30:13-103
254            android:exported="false" >
254-->[com.google.android.datatransport:transport-backend-cct:2.3.0] AndroidManifest.xml:31:13-37
255            <meta-data
255-->[com.google.android.datatransport:transport-backend-cct:2.3.0] AndroidManifest.xml:32:13-34:39
256                android:name="backend:com.google.android.datatransport.cct.CctBackendFactory"
256-->[com.google.android.datatransport:transport-backend-cct:2.3.0] AndroidManifest.xml:33:17-94
257                android:value="cct" />
257-->[com.google.android.datatransport:transport-backend-cct:2.3.0] AndroidManifest.xml:34:17-36
258        </service>
259        <service
259-->[com.google.android.datatransport:transport-runtime:2.2.3] AndroidManifest.xml:26:9-30:19
260            android:name="com.google.android.datatransport.runtime.scheduling.jobscheduling.JobInfoSchedulerService"
260-->[com.google.android.datatransport:transport-runtime:2.2.3] AndroidManifest.xml:27:13-117
261            android:exported="false"
261-->[com.google.android.datatransport:transport-runtime:2.2.3] AndroidManifest.xml:28:13-37
262            android:permission="android.permission.BIND_JOB_SERVICE" >
262-->[com.google.android.datatransport:transport-runtime:2.2.3] AndroidManifest.xml:29:13-69
263        </service>
264
265        <receiver
265-->[com.google.android.datatransport:transport-runtime:2.2.3] AndroidManifest.xml:32:9-34:40
266            android:name="com.google.android.datatransport.runtime.scheduling.jobscheduling.AlarmManagerSchedulerBroadcastReceiver"
266-->[com.google.android.datatransport:transport-runtime:2.2.3] AndroidManifest.xml:33:13-132
267            android:exported="false" />
267-->[com.google.android.datatransport:transport-runtime:2.2.3] AndroidManifest.xml:34:13-37
268    </application>
269
270</manifest>